Traceback (most recent call last):
  File "/uufs/chpc.utah.edu/common/home/strong-group7/sydney/olympics/GSLBIP_WRF/data_pull/SR_slice.py", line 23, in <module>
    with xr.open_dataset(file) as open_data:
         ^^^^^^^^^^^^^^^^^^^^^
  File "/uufs/chpc.utah.edu/common/home/strong-group7/sydney/miniforge3_envs/olympics/lib/python3.11/site-packages/xarray/backends/api.py", line 607, in open_dataset
    backend_ds = backend.open_dataset(
                 ^^^^^^^^^^^^^^^^^^^^^
  File "/uufs/chpc.utah.edu/common/home/strong-group7/sydney/miniforge3_envs/olympics/lib/python3.11/site-packages/xarray/backends/netCDF4_.py", line 786, in open_dataset
    ds = store_entrypoint.open_dataset(
         ^^^^^^^^^^^^^^^^^^^^^^^^^^^^^^
  File "/uufs/chpc.utah.edu/common/home/strong-group7/sydney/miniforge3_envs/olympics/lib/python3.11/site-packages/xarray/backends/store.py", line 42, in open_dataset
    vars, attrs = filename_or_obj.load()
                  ^^^^^^^^^^^^^^^^^^^^^^
  File "/uufs/chpc.utah.edu/common/home/strong-group7/sydney/miniforge3_envs/olympics/lib/python3.11/site-packages/xarray/backends/common.py", line 372, in load
    attributes = FrozenDict(self.get_attrs())
                            ^^^^^^^^^^^^^^^^
  File "/uufs/chpc.utah.edu/common/home/strong-group7/sydney/miniforge3_envs/olympics/lib/python3.11/site-packages/xarray/backends/netCDF4_.py", line 589, in get_attrs
    return FrozenDict((k, self.ds.getncattr(k)) for k in self.ds.ncattrs())
                                                         ^^^^^^^^^^^^^^^^^
  File "src/netCDF4/_netCDF4.pyx", line 3087, in netCDF4._netCDF4.Dataset.ncattrs
  File "src/netCDF4/_netCDF4.pyx", line 1645, in netCDF4._netCDF4._get_att_names
  File "src/netCDF4/_netCDF4.pyx", line 2165, in netCDF4._netCDF4._ensure_nc_success
AttributeError: NetCDF: Can't open HDF5 attribute
